ushahidi/build/outputs/logs/manifest-merger-debug-report.txt
-- Merging decision tree log ---
manifest
ADDED from AndroidManifest.xml:18:1
	xmlns:android
		ADDED from AndroidManifest.xml:18:11
	package
		ADDED from AndroidManifest.xml:19:11
		INJECTED from AndroidManifest.xml:0:0
		INJECTED from AndroidManifest.xml:0:0
	android:versionName
		INJECTED from AndroidManifest.xml:0:0
		INJECTED from AndroidManifest.xml:0:0
	android:versionCode
		INJECTED from AndroidManifest.xml:0:0
		INJECTED from AndroidManifest.xml:0:0
application
ADDED from AndroidManifest.xml:21:5
MERGED from com.addhen.android:raiburari:1.1.0:34:5
MERGED from com.android.support:support-v4:22.1.1:22:5
MERGED from com.android.support:recyclerview-v7:22.1.0:22:5
MERGED from com.android.support:support-v4:22.1.1:22:5
MERGED from com.android.support:appcompat-v7:22.1.1:22:5
MERGED from com.android.support:support-v4:22.1.1:22:5
MERGED from com.android.support:cardview-v7:22.1.0:22:5
MERGED from com.getbase:floatingactionbutton:1.9.0:12:5
MERGED from com.nispok:snackbar:2.10.6:10:5
MERGED from com.android.support:recyclerview-v7:22.1.0:22:5
MERGED from com.android.support:support-v4:22.1.1:22:5
MERGED from com.android.support:appcompat-v7:22.1.1:22:5
MERGED from com.android.support:support-v4:22.1.1:22:5
	android:label
		ADDED from AndroidManifest.xml:25:13
	android:allowBackup
		ADDED from AndroidManifest.xml:23:13
	android:icon
		ADDED from AndroidManifest.xml:24:13
	android:theme
		ADDED from AndroidManifest.xml:26:13
	android:name
		ADDED from AndroidManifest.xml:22:13
activity#com.ushahidi.android.presentation.ui.activity.AddDeploymentActivity
ADDED from AndroidManifest.xml:27:9
	android:label
		ADDED from AndroidManifest.xml:29:17
	android:name
		ADDED from AndroidManifest.xml:28:17
intent-filter#android.intent.action.MAIN+android.intent.category.LAUNCHER
ADDED from AndroidManifest.xml:30:13
category#android.intent.category.LAUNCHER
ADDED from AndroidManifest.xml:31:17
	android:name
		ADDED from AndroidManifest.xml:31:27
action#android.intent.action.MAIN
ADDED from AndroidManifest.xml:32:17
	android:name
		ADDED from AndroidManifest.xml:32:25
uses-sdk
INJECTED from AndroidManifest.xml:0:0 reason: use-sdk injection requested
MERGED from com.addhen.android:raiburari:1.1.0:22:5
MERGED from com.android.support:support-v4:22.1.1:20:5
MERGED from com.android.support:recyclerview-v7:22.1.0:20:5
MERGED from com.android.support:support-v4:22.1.1:20:5
MERGED from com.android.support:appcompat-v7:22.1.1:20:5
MERGED from com.android.support:support-v4:22.1.1:20:5
MERGED from com.android.support:cardview-v7:22.1.0:20:5
MERGED from com.getbase:floatingactionbutton:1.9.0:8:5
MERGED from com.nispok:snackbar:2.10.6:6:5
MERGED from com.android.support:recyclerview-v7:22.1.0:20:5
MERGED from com.android.support:support-v4:22.1.1:20:5
MERGED from com.mikepenz:materialdrawer:2.9.8:8:5
MERGED from com.android.support:appcompat-v7:22.1.1:20:5
MERGED from com.android.support:support-v4:22.1.1:20:5
MERGED from com.mikepenz.iconics:library:1.0.0:8:5
	android:targetSdkVersion
		INJECTED from AndroidManifest.xml:0:0
		INJECTED from AndroidManifest.xml:0:0
	android:minSdkVersion
		INJECTED from AndroidManifest.xml:0:0
		INJECTED from AndroidManifest.xml:0:0
uses-permission#android.permission.INTERNET
ADDED from com.addhen.android:raiburari:1.1.0:26:5
	android:name
		ADDED from com.addhen.android:raiburari:1.1.0:26:22
uses-permission#android.permission.WRITE_SETTINGS
ADDED from com.addhen.android:raiburari:1.1.0:27:5
	android:name
		ADDED from com.addhen.android:raiburari:1.1.0:27:22
uses-permission#android.permission.READ_EXTERNAL_STORAGE
ADDED from com.addhen.android:raiburari:1.1.0:28:5
	android:name
		ADDED from com.addhen.android:raiburari:1.1.0:28:22
uses-permission#android.permission.WRITE_EXTERNAL_STORAGE
ADDED from com.addhen.android:raiburari:1.1.0:29:5
	android:name
		ADDED from com.addhen.android:raiburari:1.1.0:29:22
uses-permission#android.permission.CHANGE_WIFI_STATE
ADDED from com.addhen.android:raiburari:1.1.0:30:5
	android:name
		ADDED from com.addhen.android:raiburari:1.1.0:30:22
uses-permission#android.permission.ACCESS_WIFI_STATE
ADDED from com.addhen.android:raiburari:1.1.0:31:5
	android:name
		ADDED from com.addhen.android:raiburari:1.1.0:31:22
uses-permission#android.permission.ACCESS_NETWORK_STATE
ADDED from com.addhen.android:raiburari:1.1.0:32:5
	android:name
		ADDED from com.addhen.android:raiburari:1.1.0:32:22
activity#android.support.v7.widget.TestActivity
ADDED from com.android.support:recyclerview-v7:22.1.0:23:9
MERGED from com.android.support:recyclerview-v7:22.1.0:23:9
	android:label
		ADDED from com.android.support:recyclerview-v7:22.1.0:25:13
	android:name
		ADDED from com.android.support:recyclerview-v7:22.1.0:24:13